<?xml version="1.0" encoding="UTF-8"?>
<!-- Generated by org.testng.reporters.JUnitXMLReporter -->
<testsuite ignored="0" hostname="DESKTOP-6GUIH8S" failures="0" tests="3" name="Default test" time="2.721" errors="0" timestamp="2023-08-26T21:51:59 IST">
  <testcase classname="test.PutPatchDeleteExamples" name="testDelete" time="1.755"/>
  <testcase classname="test.PutPatchDeleteExamples" name="testPatch" time="0.501"/>
  <testcase classname="test.PutPatchDeleteExamples" name="testPut" time="0.412"/>
</testsuite> <!-- Default test -->
