<?xml version="1.0" encoding="UTF-8"?>
<testng-results ignored="0" total="3" passed="3" failed="0" skipped="0">
  <reporter-output>
  </reporter-output>
  <suite started-at="2023-08-26T21:51:56 IST" name="Default suite" finished-at="2023-08-26T21:51:59 IST" duration-ms="2721">
    <groups>
    </groups>
    <test started-at="2023-08-26T21:51:56 IST" name="Default test" finished-at="2023-08-26T21:51:59 IST" duration-ms="2721">
      <class name="test.PutPatchDeleteExamples">
        <test-method signature="testDelete()[pri:0, instance:test.PutPatchDeleteExamples@59fd97a8]" started-at="2023-08-26T21:51:56 IST" name="testDelete" finished-at="2023-08-26T21:51:58 IST" duration-ms="1755" status="PASS">
          <reporter-output>
          </reporter-output>
        </test-method> <!-- testDelete -->
        <test-method signature="testPatch()[pri:0, instance:test.PutPatchDeleteExamples@59fd97a8]" started-at="2023-08-26T21:51:58 IST" name="testPatch" finished-at="2023-08-26T21:51:59 IST" duration-ms="501" status="PASS">
          <reporter-output>
          </reporter-output>
        </test-method> <!-- testPatch -->
        <test-method signature="testPut()[pri:0, instance:test.PutPatchDeleteExamples@59fd97a8]" started-at="2023-08-26T21:51:59 IST" name="testPut" finished-at="2023-08-26T21:51:59 IST" duration-ms="412" status="PASS">
          <reporter-output>
          </reporter-output>
        </test-method> <!-- testPut -->
      </class> <!-- test.PutPatchDeleteExamples -->
    </test> <!-- Default test -->
  </suite> <!-- Default suite -->
</testng-results>
